Using pre-set license
Built from '2020.2/staging' branch; Version is '2020.2.5f1 (e2c53f129de5) revision 14861631'; Using compiler version '192528614'; Build Type 'Release'
OS: 'Windows 10 Pro; OS build 19042.867; Version 2009; 64bit' Language: 'es' Physical Memory: 3507 MB
BatchMode: 1, IsHumanControllingUs: 0, StartBugReporterOnCrash: 0, Is64bit: 1, IsPro: 0

 COMMAND LINE ARGUMENTS:
C:\Program Files\Unity\Hub\Editor\2020.2.5f1\Editor\Unity.exe
-adb2
-batchMode
-noUpm
-name
AssetImportWorker3
-projectPath
D:/Programacion Multimedia/Parcial
-logFile
Logs/AssetImportWorker3.log
-srvPort
56944
Successfully changed project path to: D:/Programacion Multimedia/Parcial
D:/Programacion Multimedia/Parcial
Using Asset Import Pipeline V2.
Refreshing native plugins compatible for Editor in 137.65 ms, found 1 plugins.
Preloading 0 native plugins for Editor in 0.00 ms.
Initialize engine version: 2020.2.5f1 (e2c53f129de5)
[Subsystems] Discovering subsystems at path C:/Program Files/Unity/Hub/Editor/2020.2.5f1/Editor/Data/Resources/UnitySubsystems
[Subsystems] Discovering subsystems at path D:/Programacion Multimedia/Parcial/Assets
GfxDevice: creating device client; threaded=0
Direct3D:
    Version:  Direct3D 11.0 [level 11.1]
    Renderer: AMD Radeon(TM) R5 Graphics (ID=0x9851)
    Vendor:   
    VRAM:     1753 MB
    Driver:   27.20.1034.6
Initialize mono
Mono path[0] = 'C:/Program Files/Unity/Hub/Editor/2020.2.5f1/Editor/Data/Managed'
Mono path[1] = 'C:/Program Files/Unity/Hub/Editor/2020.2.5f1/Editor/Data/MonoBleedingEdge/lib/mono/unityjit'
Mono config path = 'C:/Program Files/Unity/Hub/Editor/2020.2.5f1/Editor/Data/MonoBleedingEdge/etc'
Using monoOptions --debugger-agent=transport=dt_socket,embedding=1,server=y,suspend=n,address=127.0.0.1:56892
Begin MonoManager ReloadAssembly
Registering precompiled unity dll's ...
Register platform support module: C:/Program Files/Unity/Hub/Editor/2020.2.5f1/Editor/Data/PlaybackEngines/WebGLSupport/UnityEditor.WebGL.Extensions.dll
Register platform support module: C:/Program Files/Unity/Hub/Editor/2020.2.5f1/Editor/Data/PlaybackEngines/WindowsStandaloneSupport/UnityEditor.WindowsStandalone.Extensions.dll
Registered in 0.014498 seconds.
Native extension for WindowsStandalone target not found
Native extension for WebGL target not found
Refreshing native plugins compatible for Editor in 263.44 ms, found 1 plugins.
Preloading 0 native plugins for Editor in 0.00 ms.
Invoked RoslynAnalysisRunner static constructor.
RoslynAnalysisRunner will not be running.
RoslynAnalysisRunner has terminated.
Mono: successfully reloaded assembly
- Completed reload, in  9.381 seconds
Platform modules already initialized, skipping
Registering precompiled user dll's ...
Registered in 0.004817 seconds.
Begin MonoManager ReloadAssembly
Native extension for WindowsStandalone target not found
Native extension for WebGL target not found
Refreshing native plugins compatible for Editor in 155.90 ms, found 1 plugins.
Preloading 0 native plugins for Editor in 0.00 ms.
Invoked RoslynAnalysisRunner static constructor.
RoslynAnalysisRunner will not be running.
RoslynAnalysisRunner has terminated.
Mono: successfully reloaded assembly
- Completed reload, in  4.398 seconds
Platform modules already initialized, skipping
========================================================================
Worker process is ready to serve import requests
Launched and connected shader compiler UnityShaderCompiler.exe after 0.21 seconds
Refreshing native plugins compatible for Editor in 1.02 ms, found 1 plugins.
Preloading 0 native plugins for Editor in 0.00 ms.
Unloading 1797 Unused Serialized files (Serialized files now loaded: 0)
System memory in use before: 84.4 MB.
System memory in use after: 84.3 MB.

Unloading 24 unused Assets to reduce memory usage. Loaded Objects now: 2238.
Total: 23.768400 ms (FindLiveObjects: 4.090300 ms CreateObjectMapping: 0.936100 ms MarkObjects: 17.786100 ms  DeleteObjects: 0.947100 ms)

========================================================================
Received Import Request.
  path: Assets/Scripts/Move.cs
  artifactKey: Guid(6ddde6c1ebfcffc41b1f3ccfc2991307) Importer(815301076,1909f56bfc062723c751e8b465ee728b)
Start importing Assets/Scripts/Move.cs using Guid(6ddde6c1ebfcffc41b1f3ccfc2991307) Importer(815301076,1909f56bfc062723c751e8b465ee728b)  -> (artifact id: '9714aafd69c776966c9520acfa2b3d47') in 0.134525 seconds
  Import took 0.250949 seconds .

========================================================================
Received Import Request.
  Time since last request: 302.255162 seconds.
  path: Assets/Scripts/Move.cs
  artifactKey: Guid(6ddde6c1ebfcffc41b1f3ccfc2991307) Importer(815301076,1909f56bfc062723c751e8b465ee728b)
Start importing Assets/Scripts/Move.cs using Guid(6ddde6c1ebfcffc41b1f3ccfc2991307) Importer(815301076,1909f56bfc062723c751e8b465ee728b)  -> (artifact id: '69422de170d002f002551e2ee263a12f') in 0.144883 seconds
  Import took 0.416558 seconds .

========================================================================
Received Import Request.
  Time since last request: 0.802820 seconds.
  path: Assets/Scripts/Move.cs
  artifactKey: Guid(6ddde6c1ebfcffc41b1f3ccfc2991307) Importer(815301076,1909f56bfc062723c751e8b465ee728b)
Start importing Assets/Scripts/Move.cs using Guid(6ddde6c1ebfcffc41b1f3ccfc2991307) Importer(815301076,1909f56bfc062723c751e8b465ee728b)  -> (artifact id: '69422de170d002f002551e2ee263a12f') in 0.100059 seconds
  Import took 0.183001 seconds .

========================================================================
Received Prepare
Registering precompiled user dll's ...
Registered in 0.030423 seconds.
Begin MonoManager ReloadAssembly
Native extension for WindowsStandalone target not found
Native extension for WebGL target not found
Refreshing native plugins compatible for Editor in 1.25 ms, found 1 plugins.
Preloading 0 native plugins for Editor in 0.00 ms.
Invoked RoslynAnalysisRunner static constructor.
RoslynAnalysisRunner will not be running.
RoslynAnalysisRunner has terminated.
Mono: successfully reloaded assembly
- Completed reload, in  4.890 seconds
Platform modules already initialized, skipping
Refreshing native plugins compatible for Editor in 1.03 ms, found 1 plugins.
Preloading 0 native plugins for Editor in 0.00 ms.
Unloading 1792 Unused Serialized files (Serialized files now loaded: 0)
System memory in use before: 84.4 MB.
System memory in use after: 84.4 MB.

Unloading 12 unused Assets to reduce memory usage. Loaded Objects now: 2241.
Total: 21.078700 ms (FindLiveObjects: 2.302900 ms CreateObjectMapping: 0.253100 ms MarkObjects: 17.751100 ms  DeleteObjects: 0.759700 ms)

========================================================================
Received Prepare
Registering precompiled user dll's ...
Registered in 0.043843 seconds.
Begin MonoManager ReloadAssembly
Native extension for WindowsStandalone target not found
Native extension for WebGL target not found
Refreshing native plugins compatible for Editor in 1.48 ms, found 1 plugins.
Preloading 0 native plugins for Editor in 0.00 ms.
Invoked RoslynAnalysisRunner static constructor.
RoslynAnalysisRunner will not be running.
RoslynAnalysisRunner has terminated.
Mono: successfully reloaded assembly
- Completed reload, in 12.104 seconds
Platform modules already initialized, skipping
Refreshing native plugins compatible for Editor in 1.06 ms, found 1 plugins.
Preloading 0 native plugins for Editor in 0.00 ms.
Unloading 1792 Unused Serialized files (Serialized files now loaded: 0)
System memory in use before: 84.4 MB.
System memory in use after: 84.4 MB.

Unloading 12 unused Assets to reduce memory usage. Loaded Objects now: 2244.
Total: 6.412100 ms (FindLiveObjects: 0.788900 ms CreateObjectMapping: 0.144800 ms MarkObjects: 5.183400 ms  DeleteObjects: 0.291000 ms)

========================================================================
Received Prepare
Registering precompiled user dll's ...
Registered in 0.091895 seconds.
Begin MonoManager ReloadAssembly
Native extension for WindowsStandalone target not found
Native extension for WebGL target not found
Refreshing native plugins compatible for Editor in 1.14 ms, found 1 plugins.
Preloading 0 native plugins for Editor in 0.00 ms.
Invoked RoslynAnalysisRunner static constructor.
RoslynAnalysisRunner will not be running.
RoslynAnalysisRunner has terminated.
Mono: successfully reloaded assembly
- Completed reload, in  5.040 seconds
Platform modules already initialized, skipping
Refreshing native plugins compatible for Editor in 2.24 ms, found 1 plugins.
Preloading 0 native plugins for Editor in 0.00 ms.
Unloading 1793 Unused Serialized files (Serialized files now loaded: 0)
System memory in use before: 84.4 MB.
System memory in use after: 84.4 MB.

Unloading 12 unused Assets to reduce memory usage. Loaded Objects now: 2248.
Total: 13.646900 ms (FindLiveObjects: 2.575200 ms CreateObjectMapping: 0.192600 ms MarkObjects: 9.100800 ms  DeleteObjects: 1.768700 ms)

========================================================================
Received Prepare
Registering precompiled user dll's ...
Registered in 0.007975 seconds.
Begin MonoManager ReloadAssembly
Native extension for WindowsStandalone target not found
Native extension for WebGL target not found
Refreshing native plugins compatible for Editor in 1.17 ms, found 1 plugins.
Preloading 0 native plugins for Editor in 0.00 ms.
Invoked RoslynAnalysisRunner static constructor.
RoslynAnalysisRunner will not be running.
RoslynAnalysisRunner has terminated.
Mono: successfully reloaded assembly
- Completed reload, in  4.300 seconds
Platform modules already initialized, skipping
Refreshing native plugins compatible for Editor in 1.17 ms, found 1 plugins.
Preloading 0 native plugins for Editor in 0.00 ms.
Unloading 1793 Unused Serialized files (Serialized files now loaded: 0)
System memory in use before: 84.5 MB.
System memory in use after: 84.5 MB.

Unloading 12 unused Assets to reduce memory usage. Loaded Objects now: 2251.
Total: 8.791100 ms (FindLiveObjects: 0.768000 ms CreateObjectMapping: 0.258900 ms MarkObjects: 7.392800 ms  DeleteObjects: 0.356300 ms)

========================================================================
Received Import Request.
  Time since last request: 353.402967 seconds.
  path: Assets/Scripts/Jump.cs
  artifactKey: Guid(22c93f3e2490c0f489ae71e55835cde8) Importer(815301076,1909f56bfc062723c751e8b465ee728b)
Start importing Assets/Scripts/Jump.cs using Guid(22c93f3e2490c0f489ae71e55835cde8) Importer(815301076,1909f56bfc062723c751e8b465ee728b)  -> (artifact id: 'b9ae3fa9db857b08eaa8f83ee98f9273') in 0.083033 seconds
  Import took 0.114802 seconds .

========================================================================
Received Prepare
Registering precompiled user dll's ...
Registered in 0.064882 seconds.
Begin MonoManager ReloadAssembly
Native extension for WindowsStandalone target not found
Native extension for WebGL target not found
Refreshing native plugins compatible for Editor in 1.09 ms, found 1 plugins.
Preloading 0 native plugins for Editor in 0.00 ms.
Invoked RoslynAnalysisRunner static constructor.
RoslynAnalysisRunner will not be running.
RoslynAnalysisRunner has terminated.
Mono: successfully reloaded assembly
- Completed reload, in  3.562 seconds
Platform modules already initialized, skipping
Refreshing native plugins compatible for Editor in 1.25 ms, found 1 plugins.
Preloading 0 native plugins for Editor in 0.00 ms.
Unloading 1793 Unused Serialized files (Serialized files now loaded: 0)
System memory in use before: 84.5 MB.
System memory in use after: 84.5 MB.

Unloading 12 unused Assets to reduce memory usage. Loaded Objects now: 2254.
Total: 7.296100 ms (FindLiveObjects: 1.507100 ms CreateObjectMapping: 0.334400 ms MarkObjects: 5.119600 ms  DeleteObjects: 0.329100 ms)

========================================================================
Received Import Request.
  Time since last request: 244.116879 seconds.
  path: Assets/Scripts/Jump.cs
  artifactKey: Guid(22c93f3e2490c0f489ae71e55835cde8) Importer(815301076,1909f56bfc062723c751e8b465ee728b)
Start importing Assets/Scripts/Jump.cs using Guid(22c93f3e2490c0f489ae71e55835cde8) Importer(815301076,1909f56bfc062723c751e8b465ee728b)  -> (artifact id: '4cbc5cf46d89792ebe5b77ec98f11837') in 0.027817 seconds
  Import took 0.060935 seconds .

========================================================================
Received Prepare
Registering precompiled user dll's ...
Registered in 0.003471 seconds.
Begin MonoManager ReloadAssembly
Native extension for WindowsStandalone target not found
Native extension for WebGL target not found
Refreshing native plugins compatible for Editor in 1.46 ms, found 1 plugins.
Preloading 0 native plugins for Editor in 0.00 ms.
Invoked RoslynAnalysisRunner static constructor.
RoslynAnalysisRunner will not be running.
RoslynAnalysisRunner has terminated.
Mono: successfully reloaded assembly
- Completed reload, in  4.201 seconds
Platform modules already initialized, skipping
Refreshing native plugins compatible for Editor in 1.03 ms, found 1 plugins.
Preloading 0 native plugins for Editor in 0.00 ms.
Unloading 1793 Unused Serialized files (Serialized files now loaded: 0)
System memory in use before: 84.5 MB.
System memory in use after: 84.5 MB.

Unloading 12 unused Assets to reduce memory usage. Loaded Objects now: 2257.
Total: 11.722900 ms (FindLiveObjects: 0.915100 ms CreateObjectMapping: 0.304200 ms MarkObjects: 9.517100 ms  DeleteObjects: 0.979500 ms)

========================================================================
Received Prepare
Registering precompiled user dll's ...
Registered in 0.002437 seconds.
Begin MonoManager ReloadAssembly
Native extension for WindowsStandalone target not found
Native extension for WebGL target not found
Refreshing native plugins compatible for Editor in 2.46 ms, found 1 plugins.
Preloading 0 native plugins for Editor in 0.00 ms.
Invoked RoslynAnalysisRunner static constructor.
RoslynAnalysisRunner will not be running.
RoslynAnalysisRunner has terminated.
Mono: successfully reloaded assembly
- Completed reload, in 10.183 seconds
Platform modules already initialized, skipping
Refreshing native plugins compatible for Editor in 3.15 ms, found 1 plugins.
Preloading 0 native plugins for Editor in 0.00 ms.
Unloading 1793 Unused Serialized files (Serialized files now loaded: 0)
System memory in use before: 84.5 MB.
System memory in use after: 84.5 MB.

Unloading 12 unused Assets to reduce memory usage. Loaded Objects now: 2260.
Total: 9.893900 ms (FindLiveObjects: 1.178700 ms CreateObjectMapping: 0.330500 ms MarkObjects: 8.036300 ms  DeleteObjects: 0.343400 ms)

========================================================================
Received Prepare
Registering precompiled user dll's ...
Registered in 0.005536 seconds.
Begin MonoManager ReloadAssembly
Native extension for WindowsStandalone target not found
Native extension for WebGL target not found
Refreshing native plugins compatible for Editor in 8.13 ms, found 1 plugins.
Preloading 0 native plugins for Editor in 0.00 ms.
Invoked RoslynAnalysisRunner static constructor.
RoslynAnalysisRunner will not be running.
RoslynAnalysisRunner has terminated.
Mono: successfully reloaded assembly
- Completed reload, in 15.309 seconds
Platform modules already initialized, skipping
Refreshing native plugins compatible for Editor in 1.17 ms, found 1 plugins.
Preloading 0 native plugins for Editor in 0.00 ms.
Unloading 1793 Unused Serialized files (Serialized files now loaded: 0)
System memory in use before: 84.5 MB.
System memory in use after: 84.5 MB.

Unloading 12 unused Assets to reduce memory usage. Loaded Objects now: 2263.
Total: 7.042300 ms (FindLiveObjects: 0.732700 ms CreateObjectMapping: 0.147600 ms MarkObjects: 5.845600 ms  DeleteObjects: 0.312500 ms)

========================================================================
Received Prepare
Registering precompiled user dll's ...
Registered in 0.002688 seconds.
Begin MonoManager ReloadAssembly
Native extension for WindowsStandalone target not found
Native extension for WebGL target not found
Refreshing native plugins compatible for Editor in 1.23 ms, found 1 plugins.
Preloading 0 native plugins for Editor in 0.00 ms.
Invoked RoslynAnalysisRunner static constructor.
RoslynAnalysisRunner will not be running.
RoslynAnalysisRunner has terminated.
Mono: successfully reloaded assembly
- Completed reload, in  3.557 seconds
Platform modules already initialized, skipping
Refreshing native plugins compatible for Editor in 1.04 ms, found 1 plugins.
Preloading 0 native plugins for Editor in 0.00 ms.
Unloading 1793 Unused Serialized files (Serialized files now loaded: 0)
System memory in use before: 84.5 MB.
System memory in use after: 84.5 MB.

Unloading 12 unused Assets to reduce memory usage. Loaded Objects now: 2266.
Total: 7.789600 ms (FindLiveObjects: 0.879900 ms CreateObjectMapping: 0.294600 ms MarkObjects: 6.275900 ms  DeleteObjects: 0.333900 ms)

========================================================================
Received Import Request.
  Time since last request: 933.023087 seconds.
  path: Assets/Prefax
  artifactKey: Guid(c7c4c68b0633f5045b66d85236f5cdde) Importer(815301076,1909f56bfc062723c751e8b465ee728b)
Start importing Assets/Prefax using Guid(c7c4c68b0633f5045b66d85236f5cdde) Importer(815301076,1909f56bfc062723c751e8b465ee728b)  -> (artifact id: 'cc72ce7f00976f1ff9b0b51a0e2931d1') in 0.080922 seconds
  Import took 0.105080 seconds .

========================================================================
Received Import Request.
  Time since last request: 50.891029 seconds.
  path: Assets/Prefax/Platform.prefab
  artifactKey: Guid(5a9300477e587714e83b760f39568b2b) Importer(815301076,1909f56bfc062723c751e8b465ee728b)
Start importing Assets/Prefax/Platform.prefab using Guid(5a9300477e587714e83b760f39568b2b) Importer(815301076,1909f56bfc062723c751e8b465ee728b)  -> (artifact id: '8d6a722bf7e53ece25b30e554f3e2b25') in 0.638050 seconds
  Import took 0.655066 seconds .

========================================================================
Received Prepare
Registering precompiled user dll's ...
Registered in 0.002910 seconds.
Begin MonoManager ReloadAssembly
Native extension for WindowsStandalone target not found
Native extension for WebGL target not found
Refreshing native plugins compatible for Editor in 1.35 ms, found 1 plugins.
Preloading 0 native plugins for Editor in 0.00 ms.
Invoked RoslynAnalysisRunner static constructor.
RoslynAnalysisRunner will not be running.
RoslynAnalysisRunner has terminated.
Mono: successfully reloaded assembly
- Completed reload, in  7.627 seconds
Platform modules already initialized, skipping
Refreshing native plugins compatible for Editor in 1.21 ms, found 1 plugins.
Preloading 0 native plugins for Editor in 0.00 ms.
Unloading 1793 Unused Serialized files (Serialized files now loaded: 0)
System memory in use before: 87.6 MB.
System memory in use after: 87.6 MB.

Unloading 12 unused Assets to reduce memory usage. Loaded Objects now: 2276.
Total: 13.893000 ms (FindLiveObjects: 0.882700 ms CreateObjectMapping: 0.257000 ms MarkObjects: 10.017800 ms  DeleteObjects: 2.728300 ms)

========================================================================
Received Prepare
Registering precompiled user dll's ...
Registered in 0.036231 seconds.
Begin MonoManager ReloadAssembly
Native extension for WindowsStandalone target not found
Native extension for WebGL target not found
Refreshing native plugins compatible for Editor in 1.46 ms, found 1 plugins.
Preloading 0 native plugins for Editor in 0.00 ms.
Invoked RoslynAnalysisRunner static constructor.
RoslynAnalysisRunner will not be running.
RoslynAnalysisRunner has terminated.
Mono: successfully reloaded assembly
- Completed reload, in  7.308 seconds
Platform modules already initialized, skipping
Refreshing native plugins compatible for Editor in 2.07 ms, found 1 plugins.
Preloading 0 native plugins for Editor in 0.00 ms.
Unloading 1793 Unused Serialized files (Serialized files now loaded: 0)
System memory in use before: 87.7 MB.
System memory in use after: 87.6 MB.

Unloading 12 unused Assets to reduce memory usage. Loaded Objects now: 2279.
Total: 10.962800 ms (FindLiveObjects: 1.180700 ms CreateObjectMapping: 0.331000 ms MarkObjects: 9.061000 ms  DeleteObjects: 0.383000 ms)

========================================================================
Received Prepare
Registering precompiled user dll's ...
Registered in 0.003252 seconds.
Begin MonoManager ReloadAssembly
Native extension for WindowsStandalone target not found
Native extension for WebGL target not found
Refreshing native plugins compatible for Editor in 1.10 ms, found 1 plugins.
Preloading 0 native plugins for Editor in 0.00 ms.
Invoked RoslynAnalysisRunner static constructor.
RoslynAnalysisRunner will not be running.
RoslynAnalysisRunner has terminated.
Mono: successfully reloaded assembly
- Completed reload, in 11.789 seconds
Platform modules already initialized, skipping
Refreshing native plugins compatible for Editor in 1.13 ms, found 1 plugins.
Preloading 0 native plugins for Editor in 0.00 ms.
Unloading 1793 Unused Serialized files (Serialized files now loaded: 0)
System memory in use before: 87.7 MB.
System memory in use after: 87.7 MB.

Unloading 12 unused Assets to reduce memory usage. Loaded Objects now: 2282.
Total: 38.105100 ms (FindLiveObjects: 1.287800 ms CreateObjectMapping: 0.279300 ms MarkObjects: 34.646300 ms  DeleteObjects: 1.885200 ms)

========================================================================
Received Prepare
Registering precompiled user dll's ...
Registered in 0.041686 seconds.
Begin MonoManager ReloadAssembly
Native extension for WindowsStandalone target not found
Native extension for WebGL target not found
Refreshing native plugins compatible for Editor in 3.02 ms, found 1 plugins.
Preloading 0 native plugins for Editor in 0.00 ms.
Invoked RoslynAnalysisRunner static constructor.
RoslynAnalysisRunner will not be running.
RoslynAnalysisRunner has terminated.
Mono: successfully reloaded assembly
- Completed reload, in 11.873 seconds
Platform modules already initialized, skipping
Refreshing native plugins compatible for Editor in 1.10 ms, found 1 plugins.
Preloading 0 native plugins for Editor in 0.00 ms.
Unloading 1793 Unused Serialized files (Serialized files now loaded: 0)
System memory in use before: 87.7 MB.
System memory in use after: 87.7 MB.

Unloading 12 unused Assets to reduce memory usage. Loaded Objects now: 2285.
Total: 10.878800 ms (FindLiveObjects: 0.933100 ms CreateObjectMapping: 0.419000 ms MarkObjects: 9.162100 ms  DeleteObjects: 0.358500 ms)

========================================================================
Received Prepare
Registering precompiled user dll's ...
Registered in 0.002345 seconds.
Begin MonoManager ReloadAssembly
Native extension for WindowsStandalone target not found
Native extension for WebGL target not found
Refreshing native plugins compatible for Editor in 1.07 ms, found 1 plugins.
Preloading 0 native plugins for Editor in 0.00 ms.
Invoked RoslynAnalysisRunner static constructor.
RoslynAnalysisRunner will not be running.
RoslynAnalysisRunner has terminated.
Mono: successfully reloaded assembly
- Completed reload, in  4.229 seconds
Platform modules already initialized, skipping
Refreshing native plugins compatible for Editor in 1.21 ms, found 1 plugins.
Preloading 0 native plugins for Editor in 0.00 ms.
Unloading 1793 Unused Serialized files (Serialized files now loaded: 0)
System memory in use before: 87.7 MB.
System memory in use after: 87.7 MB.

Unloading 12 unused Assets to reduce memory usage. Loaded Objects now: 2288.
Total: 9.540300 ms (FindLiveObjects: 0.835600 ms CreateObjectMapping: 0.316200 ms MarkObjects: 7.985600 ms  DeleteObjects: 0.397200 ms)

========================================================================
Received Prepare
Registering precompiled user dll's ...
Registered in 0.002486 seconds.
Begin MonoManager ReloadAssembly
Native extension for WindowsStandalone target not found
Native extension for WebGL target not found
Refreshing native plugins compatible for Editor in 1.14 ms, found 1 plugins.
Preloading 0 native plugins for Editor in 0.00 ms.
Invoked RoslynAnalysisRunner static constructor.
RoslynAnalysisRunner will not be running.
RoslynAnalysisRunner has terminated.
Mono: successfully reloaded assembly
- Completed reload, in  3.742 seconds
Platform modules already initialized, skipping
Refreshing native plugins compatible for Editor in 1.24 ms, found 1 plugins.
Preloading 0 native plugins for Editor in 0.00 ms.
Unloading 1793 Unused Serialized files (Serialized files now loaded: 0)
System memory in use before: 87.7 MB.
System memory in use after: 87.7 MB.

Unloading 12 unused Assets to reduce memory usage. Loaded Objects now: 2291.
Total: 7.471200 ms (FindLiveObjects: 0.677700 ms CreateObjectMapping: 0.151300 ms MarkObjects: 6.340400 ms  DeleteObjects: 0.297700 ms)

========================================================================
Received Prepare
Registering precompiled user dll's ...
Registered in 0.003298 seconds.
Begin MonoManager ReloadAssembly
Native extension for WindowsStandalone target not found
Native extension for WebGL target not found
Refreshing native plugins compatible for Editor in 1.10 ms, found 1 plugins.
Preloading 0 native plugins for Editor in 0.00 ms.
Invoked RoslynAnalysisRunner static constructor.
RoslynAnalysisRunner will not be running.
RoslynAnalysisRunner has terminated.
Mono: successfully reloaded assembly
- Completed reload, in  3.727 seconds
Platform modules already initialized, skipping
Refreshing native plugins compatible for Editor in 1.19 ms, found 1 plugins.
Preloading 0 native plugins for Editor in 0.00 ms.
Unloading 1793 Unused Serialized files (Serialized files now loaded: 0)
System memory in use before: 87.7 MB.
System memory in use after: 87.7 MB.

Unloading 12 unused Assets to reduce memory usage. Loaded Objects now: 2294.
Total: 7.650200 ms (FindLiveObjects: 1.061800 ms CreateObjectMapping: 0.277800 ms MarkObjects: 5.983000 ms  DeleteObjects: 0.322600 ms)

========================================================================
Received Prepare
Registering precompiled user dll's ...
Registered in 0.003279 seconds.
Begin MonoManager ReloadAssembly
Native extension for WindowsStandalone target not found
Native extension for WebGL target not found
Refreshing native plugins compatible for Editor in 2.03 ms, found 1 plugins.
Preloading 0 native plugins for Editor in 0.00 ms.
Invoked RoslynAnalysisRunner static constructor.
RoslynAnalysisRunner will not be running.
RoslynAnalysisRunner has terminated.
Mono: successfully reloaded assembly
- Completed reload, in  6.988 seconds
Platform modules already initialized, skipping
Refreshing native plugins compatible for Editor in 13.92 ms, found 1 plugins.
Preloading 0 native plugins for Editor in 0.00 ms.
Unloading 1793 Unused Serialized files (Serialized files now loaded: 0)
System memory in use before: 87.7 MB.
System memory in use after: 87.7 MB.

Unloading 12 unused Assets to reduce memory usage. Loaded Objects now: 2297.
Total: 20.695300 ms (FindLiveObjects: 2.421700 ms CreateObjectMapping: 0.776500 ms MarkObjects: 17.118600 ms  DeleteObjects: 0.371600 ms)

========================================================================
Received Prepare
Registering precompiled user dll's ...
Registered in 0.002320 seconds.
Begin MonoManager ReloadAssembly
Native extension for WindowsStandalone target not found
Native extension for WebGL target not found
Refreshing native plugins compatible for Editor in 1.11 ms, found 1 plugins.
Preloading 0 native plugins for Editor in 0.00 ms.
Invoked RoslynAnalysisRunner static constructor.
RoslynAnalysisRunner will not be running.
RoslynAnalysisRunner has terminated.
Mono: successfully reloaded assembly
- Completed reload, in  4.017 seconds
Platform modules already initialized, skipping
Refreshing native plugins compatible for Editor in 1.17 ms, found 1 plugins.
Preloading 0 native plugins for Editor in 0.00 ms.
Unloading 1793 Unused Serialized files (Serialized files now loaded: 0)
System memory in use before: 87.7 MB.
System memory in use after: 87.7 MB.

Unloading 12 unused Assets to reduce memory usage. Loaded Objects now: 2300.
Total: 20.264600 ms (FindLiveObjects: 0.963800 ms CreateObjectMapping: 2.462900 ms MarkObjects: 16.345300 ms  DeleteObjects: 0.485400 ms)

========================================================================
Received Prepare
Registering precompiled user dll's ...
Registered in 0.002645 seconds.
Begin MonoManager ReloadAssembly
Native extension for WindowsStandalone target not found
Native extension for WebGL target not found
Refreshing native plugins compatible for Editor in 1.18 ms, found 1 plugins.
Preloading 0 native plugins for Editor in 0.00 ms.
Invoked RoslynAnalysisRunner static constructor.
RoslynAnalysisRunner will not be running.
RoslynAnalysisRunner has terminated.
Mono: successfully reloaded assembly
- Completed reload, in 16.071 seconds
Platform modules already initialized, skipping
Refreshing native plugins compatible for Editor in 1.20 ms, found 1 plugins.
Preloading 0 native plugins for Editor in 0.00 ms.
Unloading 1793 Unused Serialized files (Serialized files now loaded: 0)
System memory in use before: 87.7 MB.
System memory in use after: 87.7 MB.

Unloading 12 unused Assets to reduce memory usage. Loaded Objects now: 2303.
Total: 8.750900 ms (FindLiveObjects: 0.790000 ms CreateObjectMapping: 0.207900 ms MarkObjects: 7.375300 ms  DeleteObjects: 0.372600 ms)

========================================================================
Received Prepare
Registering precompiled user dll's ...
Registered in 0.004597 seconds.
Begin MonoManager ReloadAssembly
Native extension for WindowsStandalone target not found
Native extension for WebGL target not found
Refreshing native plugins compatible for Editor in 1.42 ms, found 1 plugins.
Preloading 0 native plugins for Editor in 0.00 ms.
Invoked RoslynAnalysisRunner static constructor.
RoslynAnalysisRunner will not be running.
RoslynAnalysisRunner has terminated.
Mono: successfully reloaded assembly
- Completed reload, in  8.343 seconds
Platform modules already initialized, skipping
Refreshing native plugins compatible for Editor in 2.19 ms, found 1 plugins.
Preloading 0 native plugins for Editor in 0.00 ms.
Unloading 1793 Unused Serialized files (Serialized files now loaded: 0)
System memory in use before: 87.7 MB.
System memory in use after: 87.7 MB.

Unloading 12 unused Assets to reduce memory usage. Loaded Objects now: 2306.
Total: 10.831600 ms (FindLiveObjects: 0.908400 ms CreateObjectMapping: 0.284400 ms MarkObjects: 9.264800 ms  DeleteObjects: 0.367600 ms)

========================================================================
Received Prepare
Registering precompiled user dll's ...
Registered in 0.002475 seconds.
Begin MonoManager ReloadAssembly
Native extension for WindowsStandalone target not found
Native extension for WebGL target not found
Refreshing native plugins compatible for Editor in 1.11 ms, found 1 plugins.
Preloading 0 native plugins for Editor in 0.00 ms.
Invoked RoslynAnalysisRunner static constructor.
RoslynAnalysisRunner will not be running.
RoslynAnalysisRunner has terminated.
Mono: successfully reloaded assembly
- Completed reload, in  5.915 seconds
Platform modules already initialized, skipping
Refreshing native plugins compatible for Editor in 1.05 ms, found 1 plugins.
Preloading 0 native plugins for Editor in 0.00 ms.
Unloading 1793 Unused Serialized files (Serialized files now loaded: 0)
System memory in use before: 87.7 MB.
System memory in use after: 87.7 MB.

Unloading 12 unused Assets to reduce memory usage. Loaded Objects now: 2309.
Total: 6.941700 ms (FindLiveObjects: 0.666500 ms CreateObjectMapping: 0.136800 ms MarkObjects: 5.580800 ms  DeleteObjects: 0.551800 ms)

========================================================================
Received Import Request.
  Time since last request: 1283.025534 seconds.
  path: Assets/Prefax/Square.png
  artifactKey: Guid(91bafd604d4877741a5774b4a7fb022f) Importer(815301076,1909f56bfc062723c751e8b465ee728b)
Start importing Assets/Prefax/Square.png using Guid(91bafd604d4877741a5774b4a7fb022f) Importer(815301076,1909f56bfc062723c751e8b465ee728b)  -> (artifact id: '3ee23b8cb28a6518eba1076e42db0b28') in 0.493580 seconds
  Import took 0.516142 seconds .

========================================================================
Received Import Request.
  Time since last request: 131.716159 seconds.
  path: Assets/Scripts/FloorDestroy.cs
  artifactKey: Guid(ff05ab67ab9efac45a1a092397181ea1) Importer(815301076,1909f56bfc062723c751e8b465ee728b)
Start importing Assets/Scripts/FloorDestroy.cs using Guid(ff05ab67ab9efac45a1a092397181ea1) Importer(815301076,1909f56bfc062723c751e8b465ee728b)  -> (artifact id: '1cb82a558789ce06bd63d57575c6852c') in 0.324652 seconds
  Import took 0.389418 seconds .

========================================================================
Received Prepare
Registering precompiled user dll's ...
Registered in 0.240319 seconds.
Begin MonoManager ReloadAssembly
Native extension for WindowsStandalone target not found
Native extension for WebGL target not found
Refreshing native plugins compatible for Editor in 2.66 ms, found 1 plugins.
Preloading 0 native plugins for Editor in 0.00 ms.
Invoked RoslynAnalysisRunner static constructor.
RoslynAnalysisRunner will not be running.
RoslynAnalysisRunner has terminated.
Mono: successfully reloaded assembly
- Completed reload, in  7.803 seconds
Platform modules already initialized, skipping
Refreshing native plugins compatible for Editor in 1.19 ms, found 1 plugins.
Preloading 0 native plugins for Editor in 0.00 ms.
Unloading 1794 Unused Serialized files (Serialized files now loaded: 0)
System memory in use before: 87.8 MB.
System memory in use after: 87.8 MB.

Unloading 12 unused Assets to reduce memory usage. Loaded Objects now: 2316.
Total: 23.102100 ms (FindLiveObjects: 2.084000 ms CreateObjectMapping: 1.636300 ms MarkObjects: 18.211200 ms  DeleteObjects: 1.164400 ms)

========================================================================
Received Prepare
Registering precompiled user dll's ...
Registered in 0.058819 seconds.
Begin MonoManager ReloadAssembly
Native extension for WindowsStandalone target not found
Native extension for WebGL target not found
Refreshing native plugins compatible for Editor in 4.48 ms, found 1 plugins.
Preloading 0 native plugins for Editor in 0.00 ms.
Invoked RoslynAnalysisRunner static constructor.
RoslynAnalysisRunner will not be running.
RoslynAnalysisRunner has terminated.
Mono: successfully reloaded assembly
- Completed reload, in 25.908 seconds
Platform modules already initialized, skipping
Refreshing native plugins compatible for Editor in 1.20 ms, found 1 plugins.
Preloading 0 native plugins for Editor in 0.00 ms.
Unloading 1794 Unused Serialized files (Serialized files now loaded: 0)
System memory in use before: 87.8 MB.
System memory in use after: 87.8 MB.

Unloading 12 unused Assets to reduce memory usage. Loaded Objects now: 2319.
Total: 52.629800 ms (FindLiveObjects: 4.700600 ms CreateObjectMapping: 8.184900 ms MarkObjects: 37.359700 ms  DeleteObjects: 2.377500 ms)

========================================================================
Received Import Request.
  Time since last request: 943.618328 seconds.
  path: Assets/Scripts/FloorDestroy.cs
  artifactKey: Guid(ff05ab67ab9efac45a1a092397181ea1) Importer(815301076,1909f56bfc062723c751e8b465ee728b)
Start importing Assets/Scripts/FloorDestroy.cs using Guid(ff05ab67ab9efac45a1a092397181ea1) Importer(815301076,1909f56bfc062723c751e8b465ee728b)  -> (artifact id: '3db9d9ee35dc43ee1897e1bd35d9c270') in 0.260391 seconds
  Import took 0.324260 seconds .

========================================================================
Received Prepare
Registering precompiled user dll's ...
Registered in 0.028925 seconds.
Begin MonoManager ReloadAssembly
Native extension for WindowsStandalone target not found
Native extension for WebGL target not found
Refreshing native plugins compatible for Editor in 1.80 ms, found 1 plugins.
Preloading 0 native plugins for Editor in 0.00 ms.
Invoked RoslynAnalysisRunner static constructor.
RoslynAnalysisRunner will not be running.
RoslynAnalysisRunner has terminated.
Mono: successfully reloaded assembly
- Completed reload, in 10.595 seconds
Platform modules already initialized, skipping
Refreshing native plugins compatible for Editor in 1.11 ms, found 1 plugins.
Preloading 0 native plugins for Editor in 0.00 ms.
Unloading 1794 Unused Serialized files (Serialized files now loaded: 0)
System memory in use before: 87.8 MB.
System memory in use after: 87.8 MB.

Unloading 12 unused Assets to reduce memory usage. Loaded Objects now: 2322.
Total: 9.054800 ms (FindLiveObjects: 0.760700 ms CreateObjectMapping: 0.150300 ms MarkObjects: 7.608300 ms  DeleteObjects: 0.530000 ms)

========================================================================
Received Prepare
Registering precompiled user dll's ...
Registered in 0.033577 seconds.
Begin MonoManager ReloadAssembly
Native extension for WindowsStandalone target not found
Native extension for WebGL target not found
Refreshing native plugins compatible for Editor in 2.72 ms, found 1 plugins.
Preloading 0 native plugins for Editor in 0.00 ms.
Invoked RoslynAnalysisRunner static constructor.
RoslynAnalysisRunner will not be running.
RoslynAnalysisRunner has terminated.
Mono: successfully reloaded assembly
- Completed reload, in 21.913 seconds
Platform modules already initialized, skipping
Refreshing native plugins compatible for Editor in 3.01 ms, found 1 plugins.
Preloading 0 native plugins for Editor in 0.00 ms.
Unloading 1794 Unused Serialized files (Serialized files now loaded: 0)
System memory in use before: 87.8 MB.
System memory in use after: 87.8 MB.

Unloading 12 unused Assets to reduce memory usage. Loaded Objects now: 2325.
Total: 9.157800 ms (FindLiveObjects: 0.724300 ms CreateObjectMapping: 0.163800 ms MarkObjects: 5.972500 ms  DeleteObjects: 2.290400 ms)

========================================================================
Received Prepare
Registering precompiled user dll's ...
Registered in 0.003900 seconds.
Begin MonoManager ReloadAssembly
Native extension for WindowsStandalone target not found
Native extension for WebGL target not found
Refreshing native plugins compatible for Editor in 2.36 ms, found 1 plugins.
Preloading 0 native plugins for Editor in 0.00 ms.
Invoked RoslynAnalysisRunner static constructor.
RoslynAnalysisRunner will not be running.
RoslynAnalysisRunner has terminated.
Mono: successfully reloaded assembly
- Completed reload, in  7.733 seconds
Platform modules already initialized, skipping
Refreshing native plugins compatible for Editor in 1.02 ms, found 1 plugins.
Preloading 0 native plugins for Editor in 0.00 ms.
Unloading 1794 Unused Serialized files (Serialized files now loaded: 0)
System memory in use before: 87.8 MB.
System memory in use after: 87.8 MB.

Unloading 12 unused Assets to reduce memory usage. Loaded Objects now: 2328.
Total: 6.877700 ms (FindLiveObjects: 0.787800 ms CreateObjectMapping: 0.217700 ms MarkObjects: 4.908900 ms  DeleteObjects: 0.958100 ms)

========================================================================
Received Import Request.
  Time since last request: 653.597327 seconds.
  path: Assets/Scripts/Circle.png
  artifactKey: Guid(8d7cdd498386f8043b5aefac7f7608e5) Importer(815301076,1909f56bfc062723c751e8b465ee728b)
Start importing Assets/Scripts/Circle.png using Guid(8d7cdd498386f8043b5aefac7f7608e5) Importer(815301076,1909f56bfc062723c751e8b465ee728b)  -> (artifact id: '5b4159e120420e4ca36081b52d087c00') in 0.395749 seconds
  Import took 0.438002 seconds .

========================================================================
Received Import Request.
  Time since last request: 67.059360 seconds.
  path: Assets/Prefax/Square 1.png
  artifactKey: Guid(e853d393288ed5c48a06fc9590457c85) Importer(815301076,1909f56bfc062723c751e8b465ee728b)
Start importing Assets/Prefax/Square 1.png using Guid(e853d393288ed5c48a06fc9590457c85) Importer(815301076,1909f56bfc062723c751e8b465ee728b)  -> (artifact id: '0b9a7c2478ff0ba59d5872c6336aa263') in 0.141766 seconds
  Import took 0.156096 seconds .

========================================================================
Received Import Request.
  Time since last request: 0.153559 seconds.
  path: Assets/Prefax/Square 1.png
  artifactKey: Guid(e853d393288ed5c48a06fc9590457c85) Importer(815301076,1909f56bfc062723c751e8b465ee728b)
Start importing Assets/Prefax/Square 1.png using Guid(e853d393288ed5c48a06fc9590457c85) Importer(815301076,1909f56bfc062723c751e8b465ee728b)  -> (artifact id: '0b9a7c2478ff0ba59d5872c6336aa263') in 0.044450 seconds
  Import took 0.103145 seconds .

========================================================================
Received Prepare
Registering precompiled user dll's ...
Registered in 0.039163 seconds.
Begin MonoManager ReloadAssembly
Native extension for WindowsStandalone target not found
Native extension for WebGL target not found
Refreshing native plugins compatible for Editor in 1.20 ms, found 1 plugins.
Preloading 0 native plugins for Editor in 0.00 ms.
Invoked RoslynAnalysisRunner static constructor.
RoslynAnalysisRunner will not be running.
RoslynAnalysisRunner has terminated.
Mono: successfully reloaded assembly
- Completed reload, in  7.420 seconds
Platform modules already initialized, skipping
Refreshing native plugins compatible for Editor in 1.12 ms, found 1 plugins.
Preloading 0 native plugins for Editor in 0.00 ms.
Unloading 1794 Unused Serialized files (Serialized files now loaded: 0)
System memory in use before: 87.8 MB.
System memory in use after: 87.8 MB.

Unloading 12 unused Assets to reduce memory usage. Loaded Objects now: 2332.
Total: 7.456500 ms (FindLiveObjects: 0.843900 ms CreateObjectMapping: 0.219700 ms MarkObjects: 6.088800 ms  DeleteObjects: 0.299100 ms)

========================================================================
Received Prepare
Registering precompiled user dll's ...
Registered in 0.025635 seconds.
Begin MonoManager ReloadAssembly
Native extension for WindowsStandalone target not found
Native extension for WebGL target not found
Refreshing native plugins compatible for Editor in 1.08 ms, found 1 plugins.
Preloading 0 native plugins for Editor in 0.00 ms.
Invoked RoslynAnalysisRunner static constructor.
RoslynAnalysisRunner will not be running.
RoslynAnalysisRunner has terminated.
Mono: successfully reloaded assembly
- Completed reload, in  5.597 seconds
Platform modules already initialized, skipping
Refreshing native plugins compatible for Editor in 1.41 ms, found 1 plugins.
Preloading 0 native plugins for Editor in 0.00 ms.
Unloading 1794 Unused Serialized files (Serialized files now loaded: 0)
System memory in use before: 87.8 MB.
System memory in use after: 87.8 MB.

Unloading 12 unused Assets to reduce memory usage. Loaded Objects now: 2335.
Total: 7.259000 ms (FindLiveObjects: 0.889100 ms CreateObjectMapping: 0.194800 ms MarkObjects: 5.869600 ms  DeleteObjects: 0.301500 ms)

========================================================================
Received Prepare
Registering precompiled user dll's ...
Registered in 0.010310 seconds.
Begin MonoManager ReloadAssembly
Native extension for WindowsStandalone target not found
Native extension for WebGL target not found
Refreshing native plugins compatible for Editor in 1.27 ms, found 1 plugins.
Preloading 0 native plugins for Editor in 0.00 ms.
Invoked RoslynAnalysisRunner static constructor.
RoslynAnalysisRunner will not be running.
RoslynAnalysisRunner has terminated.
Mono: successfully reloaded assembly
- Completed reload, in  7.378 seconds
Platform modules already initialized, skipping
Refreshing native plugins compatible for Editor in 1.62 ms, found 1 plugins.
Preloading 0 native plugins for Editor in 0.00 ms.
Unloading 1794 Unused Serialized files (Serialized files now loaded: 0)
System memory in use before: 87.8 MB.
System memory in use after: 87.8 MB.

Unloading 12 unused Assets to reduce memory usage. Loaded Objects now: 2338.
Total: 6.638800 ms (FindLiveObjects: 0.707400 ms CreateObjectMapping: 0.158600 ms MarkObjects: 5.474900 ms  DeleteObjects: 0.292500 ms)

========================================================================
Received Import Request.
  Time since last request: 159.929482 seconds.
  path: Assets/Prefax/Platform.prefab
  artifactKey: Guid(5a9300477e587714e83b760f39568b2b) Importer(815301076,1909f56bfc062723c751e8b465ee728b)
Start importing Assets/Prefax/Platform.prefab using Guid(5a9300477e587714e83b760f39568b2b) Importer(815301076,1909f56bfc062723c751e8b465ee728b)  -> (artifact id: 'c2427532d4f01b27f4bffa40a7e451c1') in 0.270986 seconds
  Import took 0.339683 seconds .

========================================================================
Received Prepare
Registering precompiled user dll's ...
Registered in 0.003934 seconds.
Begin MonoManager ReloadAssembly
Native extension for WindowsStandalone target not found
Native extension for WebGL target not found
Refreshing native plugins compatible for Editor in 1.95 ms, found 1 plugins.
Preloading 0 native plugins for Editor in 0.00 ms.
Invoked RoslynAnalysisRunner static constructor.
RoslynAnalysisRunner will not be running.
RoslynAnalysisRunner has terminated.
Mono: successfully reloaded assembly
- Completed reload, in  3.789 seconds
Platform modules already initialized, skipping
Refreshing native plugins compatible for Editor in 1.25 ms, found 1 plugins.
Preloading 0 native plugins for Editor in 0.00 ms.
Unloading 1794 Unused Serialized files (Serialized files now loaded: 0)
System memory in use before: 87.9 MB.
System memory in use after: 87.9 MB.

Unloading 12 unused Assets to reduce memory usage. Loaded Objects now: 2342.
Total: 6.347200 ms (FindLiveObjects: 0.665000 ms CreateObjectMapping: 0.136800 ms MarkObjects: 5.201100 ms  DeleteObjects: 0.338300 ms)

========================================================================
Received Import Request.
  Time since last request: 84.444683 seconds.
  path: Assets/Prefax/Circle.png
  artifactKey: Guid(cfa60cd33e69e65409069357273322f2) Importer(815301076,1909f56bfc062723c751e8b465ee728b)
Start importing Assets/Prefax/Circle.png using Guid(cfa60cd33e69e65409069357273322f2) Importer(815301076,1909f56bfc062723c751e8b465ee728b)  -> (artifact id: 'e6002d87dd49a66c4aa278b05a58fcfb') in 0.235801 seconds
  Import took 0.273828 seconds .

========================================================================
Received Import Request.
  Time since last request: 12.823637 seconds.
  path: Assets/Prefax/Food.png
  artifactKey: Guid(cfa60cd33e69e65409069357273322f2) Importer(815301076,1909f56bfc062723c751e8b465ee728b)
Start importing Assets/Prefax/Food.png using Guid(cfa60cd33e69e65409069357273322f2) Importer(815301076,1909f56bfc062723c751e8b465ee728b)  -> (artifact id: 'bd21845d5a9f1cf3ea5354ddee5b6b82') in 0.165312 seconds
  Import took 0.192631 seconds .

========================================================================
Received Import Request.
  Time since last request: 354.999433 seconds.
  path: Assets/Prefax/Circle.png
  artifactKey: Guid(45864b82704857148b324c4e1cb32bf0) Importer(815301076,1909f56bfc062723c751e8b465ee728b)
Start importing Assets/Prefax/Circle.png using Guid(45864b82704857148b324c4e1cb32bf0) Importer(815301076,1909f56bfc062723c751e8b465ee728b)  -> (artifact id: '7420d4c017f96b4bc0210f55aec75728') in 0.291423 seconds
  Import took 0.346423 seconds .

========================================================================
Received Import Request.
  Time since last request: 8.056224 seconds.
  path: Assets/Prefax/Food.png
  artifactKey: Guid(45864b82704857148b324c4e1cb32bf0) Importer(815301076,1909f56bfc062723c751e8b465ee728b)
Start importing Assets/Prefax/Food.png using Guid(45864b82704857148b324c4e1cb32bf0) Importer(815301076,1909f56bfc062723c751e8b465ee728b)  -> (artifact id: '027761f9712cd29318f03d9eb64c849b') in 0.104474 seconds
  Import took 0.167261 seconds .

========================================================================
Received Import Request.
  Time since last request: 191.719082 seconds.
  path: Assets/Scripts/Food.cs
  artifactKey: Guid(62424e3a9c6403845ad307c838f6d31c) Importer(815301076,1909f56bfc062723c751e8b465ee728b)
Start importing Assets/Scripts/Food.cs using Guid(62424e3a9c6403845ad307c838f6d31c) Importer(815301076,1909f56bfc062723c751e8b465ee728b)  -> (artifact id: '256d31b22f117fd3992d8c6b141cbf69') in 0.024260 seconds
  Import took 0.066677 seconds .

========================================================================
Received Prepare
Registering precompiled user dll's ...
Registered in 0.019884 seconds.
Begin MonoManager ReloadAssembly
Native extension for WindowsStandalone target not found
Native extension for WebGL target not found
Refreshing native plugins compatible for Editor in 1.72 ms, found 1 plugins.
Preloading 0 native plugins for Editor in 0.00 ms.
Invoked RoslynAnalysisRunner static constructor.
RoslynAnalysisRunner will not be running.
RoslynAnalysisRunner has terminated.
Mono: successfully reloaded assembly
- Completed reload, in  6.811 seconds
Platform modules already initialized, skipping
Refreshing native plugins compatible for Editor in 1.36 ms, found 1 plugins.
Preloading 0 native plugins for Editor in 0.00 ms.
Unloading 1795 Unused Serialized files (Serialized files now loaded: 0)
System memory in use before: 87.9 MB.
System memory in use after: 87.9 MB.

Unloading 12 unused Assets to reduce memory usage. Loaded Objects now: 2347.
Total: 24.612700 ms (FindLiveObjects: 2.244000 ms CreateObjectMapping: 0.377900 ms MarkObjects: 20.747800 ms  DeleteObjects: 1.235700 ms)

========================================================================
Received Prepare
Registering precompiled user dll's ...
Registered in 0.026482 seconds.
Begin MonoManager ReloadAssembly
Native extension for WindowsStandalone target not found
Native extension for WebGL target not found
Refreshing native plugins compatible for Editor in 4.23 ms, found 1 plugins.
Preloading 0 native plugins for Editor in 0.00 ms.
Invoked RoslynAnalysisRunner static constructor.
RoslynAnalysisRunner will not be running.
RoslynAnalysisRunner has terminated.
Mono: successfully reloaded assembly
- Completed reload, in  3.897 seconds
Platform modules already initialized, skipping
Refreshing native plugins compatible for Editor in 1.04 ms, found 1 plugins.
Preloading 0 native plugins for Editor in 0.00 ms.
Unloading 1795 Unused Serialized files (Serialized files now loaded: 0)
System memory in use before: 87.9 MB.
System memory in use after: 87.9 MB.

Unloading 12 unused Assets to reduce memory usage. Loaded Objects now: 2350.
Total: 6.613100 ms (FindLiveObjects: 0.991800 ms CreateObjectMapping: 0.189800 ms MarkObjects: 4.938600 ms  DeleteObjects: 0.487500 ms)

========================================================================
Received Import Request.
  Time since last request: 497.844828 seconds.
  path: ProjectSettings/TagManager.asset
  artifactKey: Guid(00000000000000003000000000000000) Importer(815301076,1909f56bfc062723c751e8b465ee728b)
Start importing ProjectSettings/TagManager.asset using Guid(00000000000000003000000000000000) Importer(815301076,1909f56bfc062723c751e8b465ee728b)  -> (artifact id: 'ad25f32a57994a6f6c8c446e22ba6ece') in 0.277306 seconds
  Import took 0.312056 seconds .

========================================================================
Received Import Request.
  Time since last request: 42.807474 seconds.
  path: Assets/Prefax/Food.prefab
  artifactKey: Guid(6f8bc3307d755e44c9a490a55fc3cb01) Importer(815301076,1909f56bfc062723c751e8b465ee728b)
Start importing Assets/Prefax/Food.prefab using Guid(6f8bc3307d755e44c9a490a55fc3cb01) Importer(815301076,1909f56bfc062723c751e8b465ee728b)  -> (artifact id: '344f24cb5d3be7766a4724d411adaaf0') in 0.695949 seconds
  Import took 0.719769 seconds .

========================================================================
Received Prepare
Registering precompiled user dll's ...
Registered in 0.036807 seconds.
Begin MonoManager ReloadAssembly
Native extension for WindowsStandalone target not found
Native extension for WebGL target not found
Refreshing native plugins compatible for Editor in 1.20 ms, found 1 plugins.
Preloading 0 native plugins for Editor in 0.00 ms.
Invoked RoslynAnalysisRunner static constructor.
RoslynAnalysisRunner will not be running.
RoslynAnalysisRunner has terminated.
Mono: successfully reloaded assembly
- Completed reload, in  4.892 seconds
Platform modules already initialized, skipping
Refreshing native plugins compatible for Editor in 1.02 ms, found 1 plugins.
Preloading 0 native plugins for Editor in 0.00 ms.
Unloading 1795 Unused Serialized files (Serialized files now loaded: 0)
System memory in use before: 87.9 MB.
System memory in use after: 87.9 MB.

Unloading 13 unused Assets to reduce memory usage. Loaded Objects now: 2354.
Total: 7.775400 ms (FindLiveObjects: 0.698000 ms CreateObjectMapping: 0.150400 ms MarkObjects: 6.614200 ms  DeleteObjects: 0.305500 ms)

========================================================================
Received Prepare
Registering precompiled user dll's ...
Registered in 0.008252 seconds.
Begin MonoManager ReloadAssembly
Native extension for WindowsStandalone target not found
Native extension for WebGL target not found
Refreshing native plugins compatible for Editor in 5.89 ms, found 1 plugins.
Preloading 0 native plugins for Editor in 0.00 ms.
Invoked RoslynAnalysisRunner static constructor.
RoslynAnalysisRunner will not be running.
RoslynAnalysisRunner has terminated.
Mono: successfully reloaded assembly
- Completed reload, in  5.465 seconds
Platform modules already initialized, skipping
Refreshing native plugins compatible for Editor in 1.11 ms, found 1 plugins.
Preloading 0 native plugins for Editor in 0.00 ms.
Unloading 1795 Unused Serialized files (Serialized files now loaded: 0)
System memory in use before: 87.9 MB.
System memory in use after: 87.9 MB.

Unloading 12 unused Assets to reduce memory usage. Loaded Objects now: 2357.
Total: 7.283100 ms (FindLiveObjects: 0.988000 ms CreateObjectMapping: 0.200600 ms MarkObjects: 5.765100 ms  DeleteObjects: 0.324700 ms)

========================================================================
Received Prepare
Registering precompiled user dll's ...
Registered in 0.010458 seconds.
Begin MonoManager ReloadAssembly
Native extension for WindowsStandalone target not found
Native extension for WebGL target not found
Refreshing native plugins compatible for Editor in 1.28 ms, found 1 plugins.
Preloading 0 native plugins for Editor in 0.00 ms.
Invoked RoslynAnalysisRunner static constructor.
RoslynAnalysisRunner will not be running.
RoslynAnalysisRunner has terminated.
Mono: successfully reloaded assembly
- Completed reload, in  5.506 seconds
Platform modules already initialized, skipping
Refreshing native plugins compatible for Editor in 1.22 ms, found 1 plugins.
Preloading 0 native plugins for Editor in 0.00 ms.
Unloading 1795 Unused Serialized files (Serialized files now loaded: 0)
System memory in use before: 87.9 MB.
System memory in use after: 87.9 MB.

Unloading 12 unused Assets to reduce memory usage. Loaded Objects now: 2360.
Total: 11.515500 ms (FindLiveObjects: 1.519700 ms CreateObjectMapping: 0.478400 ms MarkObjects: 9.097400 ms  DeleteObjects: 0.366500 ms)

========================================================================
Received Prepare
Registering precompiled user dll's ...
Registered in 0.006743 seconds.
Begin MonoManager ReloadAssembly
Native extension for WindowsStandalone target not found
Native extension for WebGL target not found
Refreshing native plugins compatible for Editor in 1.14 ms, found 1 plugins.
Preloading 0 native plugins for Editor in 0.00 ms.
Invoked RoslynAnalysisRunner static constructor.
RoslynAnalysisRunner will not be running.
RoslynAnalysisRunner has terminated.
Mono: successfully reloaded assembly
- Completed reload, in  4.438 seconds
Platform modules already initialized, skipping
Refreshing native plugins compatible for Editor in 1.06 ms, found 1 plugins.
Preloading 0 native plugins for Editor in 0.00 ms.
Unloading 1795 Unused Serialized files (Serialized files now loaded: 0)
System memory in use before: 88.0 MB.
System memory in use after: 87.9 MB.

Unloading 12 unused Assets to reduce memory usage. Loaded Objects now: 2363.
Total: 6.567000 ms (FindLiveObjects: 0.671200 ms CreateObjectMapping: 0.141200 ms MarkObjects: 5.447900 ms  DeleteObjects: 0.302400 ms)

========================================================================
Received Prepare
Registering precompiled user dll's ...
Registered in 0.003110 seconds.
Begin MonoManager ReloadAssembly
Native extension for WindowsStandalone target not found
Native extension for WebGL target not found
Refreshing native plugins compatible for Editor in 1.47 ms, found 1 plugins.
Preloading 0 native plugins for Editor in 0.00 ms.
Invoked RoslynAnalysisRunner static constructor.
RoslynAnalysisRunner will not be running.
RoslynAnalysisRunner has terminated.
Mono: successfully reloaded assembly
- Completed reload, in 11.176 seconds
Platform modules already initialized, skipping
Refreshing native plugins compatible for Editor in 3.12 ms, found 1 plugins.
Preloading 0 native plugins for Editor in 0.00 ms.
Unloading 1795 Unused Serialized files (Serialized files now loaded: 0)
System memory in use before: 88.0 MB.
System memory in use after: 88.0 MB.

Unloading 12 unused Assets to reduce memory usage. Loaded Objects now: 2366.
Total: 24.161900 ms (FindLiveObjects: 5.269100 ms CreateObjectMapping: 3.743600 ms MarkObjects: 14.755300 ms  DeleteObjects: 0.387600 ms)

========================================================================
Received Import Request.
  Time since last request: 634.255036 seconds.
  path: Assets/Scripts/Food.cs
  artifactKey: Guid(62424e3a9c6403845ad307c838f6d31c) Importer(815301076,1909f56bfc062723c751e8b465ee728b)
Start importing Assets/Scripts/Food.cs using Guid(62424e3a9c6403845ad307c838f6d31c) Importer(815301076,1909f56bfc062723c751e8b465ee728b)  -> (artifact id: '618ea00ba2a6ba3b959689717892b3ed') in 0.040148 seconds
  Import took 0.356260 seconds .

========================================================================
Received Prepare
Registering precompiled user dll's ...
Registered in 0.002419 seconds.
Begin MonoManager ReloadAssembly
Native extension for WindowsStandalone target not found
Native extension for WebGL target not found
Refreshing native plugins compatible for Editor in 1.35 ms, found 1 plugins.
Preloading 0 native plugins for Editor in 0.00 ms.
Invoked RoslynAnalysisRunner static constructor.
RoslynAnalysisRunner will not be running.
RoslynAnalysisRunner has terminated.
Mono: successfully reloaded assembly
- Completed reload, in  4.021 seconds
Platform modules already initialized, skipping
Refreshing native plugins compatible for Editor in 1.08 ms, found 1 plugins.
Preloading 0 native plugins for Editor in 0.00 ms.
Unloading 1795 Unused Serialized files (Serialized files now loaded: 0)
System memory in use before: 88.0 MB.
System memory in use after: 88.0 MB.

Unloading 12 unused Assets to reduce memory usage. Loaded Objects now: 2369.
Total: 6.879500 ms (FindLiveObjects: 0.717200 ms CreateObjectMapping: 0.167900 ms MarkObjects: 5.650500 ms  DeleteObjects: 0.339100 ms)

========================================================================
Received Import Request.
  Time since last request: 81.482947 seconds.
  path: Assets/Prefax/Food.prefab
  artifactKey: Guid(6f8bc3307d755e44c9a490a55fc3cb01) Importer(815301076,1909f56bfc062723c751e8b465ee728b)
Start importing Assets/Prefax/Food.prefab using Guid(6f8bc3307d755e44c9a490a55fc3cb01) Importer(815301076,1909f56bfc062723c751e8b465ee728b)  -> (artifact id: '4a6d6bb4582807b53594774feb760f66') in 0.661621 seconds
  Import took 0.700229 seconds .

========================================================================
Received Prepare
Registering precompiled user dll's ...
Registered in 0.002440 seconds.
Begin MonoManager ReloadAssembly
Native extension for WindowsStandalone target not found
Native extension for WebGL target not found
Refreshing native plugins compatible for Editor in 1.21 ms, found 1 plugins.
Preloading 0 native plugins for Editor in 0.00 ms.
Invoked RoslynAnalysisRunner static constructor.
RoslynAnalysisRunner will not be running.
RoslynAnalysisRunner has terminated.
Mono: successfully reloaded assembly
- Completed reload, in  4.514 seconds
Platform modules already initialized, skipping
Refreshing native plugins compatible for Editor in 1.09 ms, found 1 plugins.
Preloading 0 native plugins for Editor in 0.00 ms.
Unloading 1795 Unused Serialized files (Serialized files now loaded: 0)
System memory in use before: 88.0 MB.
System memory in use after: 88.0 MB.

Unloading 12 unused Assets to reduce memory usage. Loaded Objects now: 2373.
Total: 6.917000 ms (FindLiveObjects: 0.763200 ms CreateObjectMapping: 0.175500 ms MarkObjects: 5.673900 ms  DeleteObjects: 0.299900 ms)

========================================================================
Received Import Request.
  Time since last request: 194.609879 seconds.
  path: Assets/Prefax/Poison.png
  artifactKey: Guid(70e1f2007fcb0184f8f13e64dbdd174f) Importer(815301076,1909f56bfc062723c751e8b465ee728b)
Start importing Assets/Prefax/Poison.png using Guid(70e1f2007fcb0184f8f13e64dbdd174f) Importer(815301076,1909f56bfc062723c751e8b465ee728b)  -> (artifact id: '39502ac53cf7a9638b26b2b98dadc212') in 0.293913 seconds
  Import took 0.314590 seconds .

========================================================================
Received Import Request.
  Time since last request: 6.064075 seconds.
  path: Assets/Prefax/Poison.png
  artifactKey: Guid(70e1f2007fcb0184f8f13e64dbdd174f) Importer(815301076,1909f56bfc062723c751e8b465ee728b)
Start importing Assets/Prefax/Poison.png using Guid(70e1f2007fcb0184f8f13e64dbdd174f) Importer(815301076,1909f56bfc062723c751e8b465ee728b)  -> (artifact id: '39502ac53cf7a9638b26b2b98dadc212') in 0.102786 seconds
  Import took 0.154336 seconds .

========================================================================
Received Import Request.
  Time since last request: 286.282561 seconds.
  path: Assets/Prefax/Poison.prefab
  artifactKey: Guid(b24cda255a4be6544976220fd0a5a841) Importer(815301076,1909f56bfc062723c751e8b465ee728b)
Start importing Assets/Prefax/Poison.prefab using Guid(b24cda255a4be6544976220fd0a5a841) Importer(815301076,1909f56bfc062723c751e8b465ee728b)  -> (artifact id: '9855a43e68a243d941ab29cefbb98eae') in 0.320443 seconds
  Import took 0.416209 seconds .

========================================================================
Received Import Request.
  Time since last request: 38.804742 seconds.
  path: Assets/Scripts/Poison.png
  artifactKey: Guid(adb32da08e58b8946bb6a4dbd7810fb6) Importer(815301076,1909f56bfc062723c751e8b465ee728b)
Start importing Assets/Scripts/Poison.png using Guid(adb32da08e58b8946bb6a4dbd7810fb6) Importer(815301076,1909f56bfc062723c751e8b465ee728b)  -> (artifact id: '73bb1d7e5e1fa7396b792addb3de70a4') in 0.104533 seconds
  Import took 0.148821 seconds .

========================================================================
Received Import Request.
  Time since last request: 59.030481 seconds.
  path: Assets/Scripts/Poison.cs
  artifactKey: Guid(373f94d5f246c7c489bd73676b3cf542) Importer(815301076,1909f56bfc062723c751e8b465ee728b)
Start importing Assets/Scripts/Poison.cs using Guid(373f94d5f246c7c489bd73676b3cf542) Importer(815301076,1909f56bfc062723c751e8b465ee728b)  -> (artifact id: '402a14c0d3ae49898c1240238a0ec4c4') in 0.017233 seconds
  Import took 0.434962 seconds .

========================================================================
Received Prepare
Registering precompiled user dll's ...
Registered in 0.038551 seconds.
Begin MonoManager ReloadAssembly
Native extension for WindowsStandalone target not found
Native extension for WebGL target not found
Refreshing native plugins compatible for Editor in 3.46 ms, found 1 plugins.
Preloading 0 native plugins for Editor in 0.00 ms.
Invoked RoslynAnalysisRunner static constructor.
RoslynAnalysisRunner will not be running.
RoslynAnalysisRunner has terminated.
Mono: successfully reloaded assembly
- Completed reload, in 12.746 seconds
Platform modules already initialized, skipping
Refreshing native plugins compatible for Editor in 34.02 ms, found 1 plugins.
Preloading 0 native plugins for Editor in 0.00 ms.
Unloading 1796 Unused Serialized files (Serialized files now loaded: 0)
System memory in use before: 88.0 MB.
System memory in use after: 88.0 MB.

Unloading 12 unused Assets to reduce memory usage. Loaded Objects now: 2378.
Total: 460.184700 ms (FindLiveObjects: 21.652400 ms CreateObjectMapping: 0.481500 ms MarkObjects: 436.695500 ms  DeleteObjects: 1.347900 ms)

========================================================================
Received Prepare
Registering precompiled user dll's ...
Registered in 0.032213 seconds.
Begin MonoManager ReloadAssembly
Native extension for WindowsStandalone target not found
Native extension for WebGL target not found
Refreshing native plugins compatible for Editor in 1.22 ms, found 1 plugins.
Preloading 0 native plugins for Editor in 0.00 ms.
Invoked RoslynAnalysisRunner static constructor.
RoslynAnalysisRunner will not be running.
RoslynAnalysisRunner has terminated.
Mono: successfully reloaded assembly
- Completed reload, in  6.607 seconds
Platform modules already initialized, skipping
Refreshing native plugins compatible for Editor in 1.06 ms, found 1 plugins.
Preloading 0 native plugins for Editor in 0.00 ms.
Unloading 1796 Unused Serialized files (Serialized files now loaded: 0)
System memory in use before: 88.0 MB.
System memory in use after: 88.0 MB.

Unloading 12 unused Assets to reduce memory usage. Loaded Objects now: 2381.
Total: 10.109000 ms (FindLiveObjects: 1.259200 ms CreateObjectMapping: 0.364000 ms MarkObjects: 7.374900 ms  DeleteObjects: 1.105600 ms)

========================================================================
Received Import Request.
  Time since last request: 243.314534 seconds.
  path: Assets/Scripts/Poison.cs
  artifactKey: Guid(373f94d5f246c7c489bd73676b3cf542) Importer(815301076,1909f56bfc062723c751e8b465ee728b)
Start importing Assets/Scripts/Poison.cs using Guid(373f94d5f246c7c489bd73676b3cf542) Importer(815301076,1909f56bfc062723c751e8b465ee728b)  -> (artifact id: '8a2084ceeaa901ca95cb5f1d39f6c3d9') in 0.047581 seconds
  Import took 0.096239 seconds .

========================================================================
Received Import Request.
  Time since last request: 11.427883 seconds.
  path: Assets/Prefax/Poison.prefab
  artifactKey: Guid(b24cda255a4be6544976220fd0a5a841) Importer(815301076,1909f56bfc062723c751e8b465ee728b)
Start importing Assets/Prefax/Poison.prefab using Guid(b24cda255a4be6544976220fd0a5a841) Importer(815301076,1909f56bfc062723c751e8b465ee728b)  -> (artifact id: '599ac1af6b0ce33ceab571b262d04025') in 0.769344 seconds
  Import took 0.793804 seconds .

========================================================================
Received Prepare
Registering precompiled user dll's ...
Registered in 0.056084 seconds.
Begin MonoManager ReloadAssembly
Native extension for WindowsStandalone target not found
Native extension for WebGL target not found
Refreshing native plugins compatible for Editor in 1.07 ms, found 1 plugins.
Preloading 0 native plugins for Editor in 0.00 ms.
Invoked RoslynAnalysisRunner static constructor.
RoslynAnalysisRunner will not be running.
RoslynAnalysisRunner has terminated.
Mono: successfully reloaded assembly
- Completed reload, in  5.570 seconds
Platform modules already initialized, skipping
Refreshing native plugins compatible for Editor in 1.46 ms, found 1 plugins.
Preloading 0 native plugins for Editor in 0.00 ms.
Unloading 1796 Unused Serialized files (Serialized files now loaded: 0)
System memory in use before: 88.0 MB.
System memory in use after: 88.0 MB.

Unloading 12 unused Assets to reduce memory usage. Loaded Objects now: 2385.
Total: 10.473800 ms (FindLiveObjects: 1.074000 ms CreateObjectMapping: 0.641100 ms MarkObjects: 8.393600 ms  DeleteObjects: 0.358400 ms)

========================================================================
Received Import Request.
  Time since last request: 315.806844 seconds.
  path: Assets/Prefax/Poison.prefab
  artifactKey: Guid(b24cda255a4be6544976220fd0a5a841) Importer(815301076,1909f56bfc062723c751e8b465ee728b)
Start importing Assets/Prefax/Poison.prefab using Guid(b24cda255a4be6544976220fd0a5a841) Importer(815301076,1909f56bfc062723c751e8b465ee728b)  -> (artifact id: '4688190f222f8c181fe8f711fb365add') in 0.546295 seconds
  Import took 0.728886 seconds .

========================================================================
Received Prepare
Registering precompiled user dll's ...
Registered in 0.139970 seconds.
Begin MonoManager ReloadAssembly
Native extension for WindowsStandalone target not found
Native extension for WebGL target not found
Refreshing native plugins compatible for Editor in 3.12 ms, found 1 plugins.
Preloading 0 native plugins for Editor in 0.00 ms.
Invoked RoslynAnalysisRunner static constructor.
RoslynAnalysisRunner will not be running.
RoslynAnalysisRunner has terminated.
Mono: successfully reloaded assembly
- Completed reload, in  5.913 seconds
Platform modules already initialized, skipping
Refreshing native plugins compatible for Editor in 1.02 ms, found 1 plugins.
Preloading 0 native plugins for Editor in 0.00 ms.
Unloading 1796 Unused Serialized files (Serialized files now loaded: 0)
System memory in use before: 88.0 MB.
System memory in use after: 88.0 MB.

Unloading 12 unused Assets to reduce memory usage. Loaded Objects now: 2389.
Total: 20.401300 ms (FindLiveObjects: 0.726000 ms CreateObjectMapping: 0.180700 ms MarkObjects: 18.748900 ms  DeleteObjects: 0.739100 ms)

========================================================================
Received Prepare
Registering precompiled user dll's ...
Registered in 0.006182 seconds.
Begin MonoManager ReloadAssembly
Native extension for WindowsStandalone target not found
Native extension for WebGL target not found
Refreshing native plugins compatible for Editor in 5.68 ms, found 1 plugins.
Preloading 0 native plugins for Editor in 0.00 ms.
Invoked RoslynAnalysisRunner static constructor.
RoslynAnalysisRunner will not be running.
RoslynAnalysisRunner has terminated.
Mono: successfully reloaded assembly
- Completed reload, in 13.736 seconds
Platform modules already initialized, skipping
Refreshing native plugins compatible for Editor in 6.04 ms, found 1 plugins.
Preloading 0 native plugins for Editor in 0.00 ms.
Unloading 1796 Unused Serialized files (Serialized files now loaded: 0)
System memory in use before: 88.1 MB.
System memory in use after: 88.1 MB.

Unloading 12 unused Assets to reduce memory usage. Loaded Objects now: 2392.
Total: 8.485700 ms (FindLiveObjects: 0.780800 ms CreateObjectMapping: 0.162500 ms MarkObjects: 6.426300 ms  DeleteObjects: 1.108600 ms)

========================================================================
Received Prepare
Registering precompiled user dll's ...
Registered in 0.120654 seconds.
Begin MonoManager ReloadAssembly
Native extension for WindowsStandalone target not found
Native extension for WebGL target not found
Refreshing native plugins compatible for Editor in 3.47 ms, found 1 plugins.
Preloading 0 native plugins for Editor in 0.00 ms.
Invoked RoslynAnalysisRunner static constructor.
RoslynAnalysisRunner will not be running.
RoslynAnalysisRunner has terminated.
Mono: successfully reloaded assembly
- Completed reload, in 15.450 seconds
Platform modules already initialized, skipping
Refreshing native plugins compatible for Editor in 1.29 ms, found 1 plugins.
Preloading 0 native plugins for Editor in 0.00 ms.
Unloading 1796 Unused Serialized files (Serialized files now loaded: 0)
System memory in use before: 88.1 MB.
System memory in use after: 88.1 MB.

Unloading 12 unused Assets to reduce memory usage. Loaded Objects now: 2395.
Total: 7.605400 ms (FindLiveObjects: 0.700000 ms CreateObjectMapping: 0.140000 ms MarkObjects: 6.411200 ms  DeleteObjects: 0.349200 ms)

========================================================================
Received Prepare
Registering precompiled user dll's ...
Registered in 0.002445 seconds.
Begin MonoManager ReloadAssembly
Native extension for WindowsStandalone target not found
Native extension for WebGL target not found
Refreshing native plugins compatible for Editor in 1.47 ms, found 1 plugins.
Preloading 0 native plugins for Editor in 0.00 ms.
Invoked RoslynAnalysisRunner static constructor.
RoslynAnalysisRunner will not be running.
RoslynAnalysisRunner has terminated.
Mono: successfully reloaded assembly
- Completed reload, in  6.080 seconds
Platform modules already initialized, skipping
Refreshing native plugins compatible for Editor in 2.94 ms, found 1 plugins.
Preloading 0 native plugins for Editor in 0.00 ms.
Unloading 1796 Unused Serialized files (Serialized files now loaded: 0)
System memory in use before: 88.1 MB.
System memory in use after: 88.1 MB.

Unloading 12 unused Assets to reduce memory usage. Loaded Objects now: 2398.
Total: 20.149900 ms (FindLiveObjects: 1.563800 ms CreateObjectMapping: 0.924800 ms MarkObjects: 17.065000 ms  DeleteObjects: 0.589100 ms)

========================================================================
Received Prepare
Registering precompiled user dll's ...
Registered in 0.030542 seconds.
Begin MonoManager ReloadAssembly
Native extension for WindowsStandalone target not found
Native extension for WebGL target not found
Refreshing native plugins compatible for Editor in 5.23 ms, found 1 plugins.
Preloading 0 native plugins for Editor in 0.00 ms.
Invoked RoslynAnalysisRunner static constructor.
RoslynAnalysisRunner will not be running.
RoslynAnalysisRunner has terminated.
Mono: successfully reloaded assembly
- Completed reload, in 23.688 seconds
Platform modules already initialized, skipping
Refreshing native plugins compatible for Editor in 1.13 ms, found 1 plugins.
Preloading 0 native plugins for Editor in 0.00 ms.
Unloading 1796 Unused Serialized files (Serialized files now loaded: 0)
System memory in use before: 88.1 MB.
System memory in use after: 88.1 MB.

Unloading 12 unused Assets to reduce memory usage. Loaded Objects now: 2401.
Total: 6.821700 ms (FindLiveObjects: 0.671600 ms CreateObjectMapping: 0.143300 ms MarkObjects: 5.692400 ms  DeleteObjects: 0.309100 ms)

========================================================================
Received Prepare
Registering precompiled user dll's ...
Registered in 0.041342 seconds.
Begin MonoManager ReloadAssembly
Native extension for WindowsStandalone target not found
Native extension for WebGL target not found
Refreshing native plugins compatible for Editor in 1.55 ms, found 1 plugins.
Preloading 0 native plugins for Editor in 0.00 ms.
Invoked RoslynAnalysisRunner static constructor.
RoslynAnalysisRunner will not be running.
RoslynAnalysisRunner has terminated.
Mono: successfully reloaded assembly
- Completed reload, in 10.407 seconds
Platform modules already initialized, skipping
Refreshing native plugins compatible for Editor in 6.22 ms, found 1 plugins.
Preloading 0 native plugins for Editor in 0.00 ms.
Unloading 1796 Unused Serialized files (Serialized files now loaded: 0)
System memory in use before: 88.1 MB.
System memory in use after: 88.1 MB.

Unloading 12 unused Assets to reduce memory usage. Loaded Objects now: 2404.
Total: 16.969200 ms (FindLiveObjects: 1.503000 ms CreateObjectMapping: 0.687200 ms MarkObjects: 14.316500 ms  DeleteObjects: 0.456300 ms)

========================================================================
Received Prepare
Registering precompiled user dll's ...
Registered in 0.657985 seconds.
Begin MonoManager ReloadAssembly
Native extension for WindowsStandalone target not found
Native extension for WebGL target not found
Refreshing native plugins compatible for Editor in 2.60 ms, found 1 plugins.
Preloading 0 native plugins for Editor in 0.00 ms.
Invoked RoslynAnalysisRunner static constructor.
RoslynAnalysisRunner will not be running.
RoslynAnalysisRunner has terminated.
Mono: successfully reloaded assembly
- Completed reload, in 23.117 seconds
Platform modules already initialized, skipping
Refreshing native plugins compatible for Editor in 1.44 ms, found 1 plugins.
Preloading 0 native plugins for Editor in 0.00 ms.
Unloading 1796 Unused Serialized files (Serialized files now loaded: 0)
System memory in use before: 88.1 MB.
System memory in use after: 88.1 MB.

Unloading 12 unused Assets to reduce memory usage. Loaded Objects now: 2407.
Total: 10.681800 ms (FindLiveObjects: 0.840400 ms CreateObjectMapping: 0.171800 ms MarkObjects: 8.725600 ms  DeleteObjects: 0.936200 ms)

AssetImportWorkerClient::OnTransportError - code=2 error=End of file
