Using pre-set license
Built from '2020.2/staging' branch; Version is '2020.2.5f1 (e2c53f129de5) revision 14861631'; Using compiler version '192528614'; Build Type 'Release'
OS: 'Windows 10 Pro; OS build 19042.867; Version 2009; 64bit' Language: 'es' Physical Memory: 3507 MB
BatchMode: 1, IsHumanControllingUs: 0, StartBugReporterOnCrash: 0, Is64bit: 1, IsPro: 0

 COMMAND LINE ARGUMENTS:
C:\Program Files\Unity\Hub\Editor\2020.2.5f1\Editor\Unity.exe
-adb2
-batchMode
-noUpm
-name
AssetImportWorker3
-projectPath
D:/Programacion Multimedia/Parcial
-logFile
Logs/AssetImportWorker3.log
-srvPort
61539
Successfully changed project path to: D:/Programacion Multimedia/Parcial
D:/Programacion Multimedia/Parcial
Using Asset Import Pipeline V2.
Refreshing native plugins compatible for Editor in 303.00 ms, found 1 plugins.
Preloading 0 native plugins for Editor in 0.00 ms.
Initialize engine version: 2020.2.5f1 (e2c53f129de5)
[Subsystems] Discovering subsystems at path C:/Program Files/Unity/Hub/Editor/2020.2.5f1/Editor/Data/Resources/UnitySubsystems
[Subsystems] Discovering subsystems at path D:/Programacion Multimedia/Parcial/Assets
GfxDevice: creating device client; threaded=0
Direct3D:
    Version:  Direct3D 11.0 [level 11.1]
    Renderer: AMD Radeon(TM) R5 Graphics (ID=0x9851)
    Vendor:   
    VRAM:     1753 MB
    Driver:   27.20.1034.6
Initialize mono
Mono path[0] = 'C:/Program Files/Unity/Hub/Editor/2020.2.5f1/Editor/Data/Managed'
Mono path[1] = 'C:/Program Files/Unity/Hub/Editor/2020.2.5f1/Editor/Data/MonoBleedingEdge/lib/mono/unityjit'
Mono config path = 'C:/Program Files/Unity/Hub/Editor/2020.2.5f1/Editor/Data/MonoBleedingEdge/etc'
Using monoOptions --debugger-agent=transport=dt_socket,embedding=1,server=y,suspend=n,address=127.0.0.1:56720
Begin MonoManager ReloadAssembly
Registering precompiled unity dll's ...
Register platform support module: C:/Program Files/Unity/Hub/Editor/2020.2.5f1/Editor/Data/PlaybackEngines/WebGLSupport/UnityEditor.WebGL.Extensions.dll
Register platform support module: C:/Program Files/Unity/Hub/Editor/2020.2.5f1/Editor/Data/PlaybackEngines/WindowsStandaloneSupport/UnityEditor.WindowsStandalone.Extensions.dll
Registered in 0.007607 seconds.
Native extension for WindowsStandalone target not found
Native extension for WebGL target not found
Refreshing native plugins compatible for Editor in 134.47 ms, found 1 plugins.
Preloading 0 native plugins for Editor in 0.00 ms.
Invoked RoslynAnalysisRunner static constructor.
RoslynAnalysisRunner will not be running.
RoslynAnalysisRunner has terminated.
Mono: successfully reloaded assembly
- Completed reload, in  7.694 seconds
Platform modules already initialized, skipping
Registering precompiled user dll's ...
Registered in 0.002951 seconds.
Begin MonoManager ReloadAssembly
Native extension for WindowsStandalone target not found
Native extension for WebGL target not found
Refreshing native plugins compatible for Editor in 161.84 ms, found 1 plugins.
Preloading 0 native plugins for Editor in 0.00 ms.
Invoked RoslynAnalysisRunner static constructor.
RoslynAnalysisRunner will not be running.
RoslynAnalysisRunner has terminated.
Mono: successfully reloaded assembly
- Completed reload, in  4.220 seconds
Platform modules already initialized, skipping
========================================================================
Worker process is ready to serve import requests
Launched and connected shader compiler UnityShaderCompiler.exe after 0.19 seconds
Refreshing native plugins compatible for Editor in 1.05 ms, found 1 plugins.
Preloading 0 native plugins for Editor in 0.00 ms.
Unloading 1796 Unused Serialized files (Serialized files now loaded: 0)
System memory in use before: 84.4 MB.
System memory in use after: 84.3 MB.

Unloading 24 unused Assets to reduce memory usage. Loaded Objects now: 2237.
Total: 15.938800 ms (FindLiveObjects: 0.841100 ms CreateObjectMapping: 0.191600 ms MarkObjects: 14.056100 ms  DeleteObjects: 0.844300 ms)

========================================================================
Received Import Request.
  path: Assets/Square.png
  artifactKey: Guid(3198890b7f427dc40b1a8d0900cc971f) Importer(815301076,1909f56bfc062723c751e8b465ee728b)
Start importing Assets/Square.png using Guid(3198890b7f427dc40b1a8d0900cc971f) Importer(815301076,1909f56bfc062723c751e8b465ee728b)  -> (artifact id: 'abd1b2bf3765c1ff7005c8b38947294f') in 0.612712 seconds
  Import took 0.660207 seconds .

========================================================================
Received Prepare
Registering precompiled user dll's ...
Registered in 0.055947 seconds.
Begin MonoManager ReloadAssembly
Native extension for WindowsStandalone target not found
Native extension for WebGL target not found
Refreshing native plugins compatible for Editor in 1.22 ms, found 1 plugins.
Preloading 0 native plugins for Editor in 0.00 ms.
Invoked RoslynAnalysisRunner static constructor.
RoslynAnalysisRunner will not be running.
RoslynAnalysisRunner has terminated.
Mono: successfully reloaded assembly
- Completed reload, in  4.356 seconds
Platform modules already initialized, skipping
Refreshing native plugins compatible for Editor in 0.98 ms, found 1 plugins.
Preloading 0 native plugins for Editor in 0.00 ms.
Unloading 1791 Unused Serialized files (Serialized files now loaded: 0)
System memory in use before: 87.4 MB.
System memory in use after: 87.4 MB.

Unloading 12 unused Assets to reduce memory usage. Loaded Objects now: 2246.
Total: 7.334200 ms (FindLiveObjects: 0.976100 ms CreateObjectMapping: 0.252600 ms MarkObjects: 5.774300 ms  DeleteObjects: 0.325200 ms)

========================================================================
Received Prepare
Registering precompiled user dll's ...
Registered in 0.002457 seconds.
Begin MonoManager ReloadAssembly
Native extension for WindowsStandalone target not found
Native extension for WebGL target not found
Refreshing native plugins compatible for Editor in 1.04 ms, found 1 plugins.
Preloading 0 native plugins for Editor in 0.00 ms.
Invoked RoslynAnalysisRunner static constructor.
RoslynAnalysisRunner will not be running.
RoslynAnalysisRunner has terminated.
Mono: successfully reloaded assembly
- Completed reload, in  3.393 seconds
Platform modules already initialized, skipping
Refreshing native plugins compatible for Editor in 1.09 ms, found 1 plugins.
Preloading 0 native plugins for Editor in 0.00 ms.
Unloading 1791 Unused Serialized files (Serialized files now loaded: 0)
System memory in use before: 87.5 MB.
System memory in use after: 87.4 MB.

Unloading 12 unused Assets to reduce memory usage. Loaded Objects now: 2249.
Total: 8.071000 ms (FindLiveObjects: 1.056500 ms CreateObjectMapping: 0.248100 ms MarkObjects: 6.447300 ms  DeleteObjects: 0.314100 ms)

========================================================================
Received Prepare
Registering precompiled user dll's ...
Registered in 0.002389 seconds.
Begin MonoManager ReloadAssembly
Native extension for WindowsStandalone target not found
Native extension for WebGL target not found
Refreshing native plugins compatible for Editor in 1.07 ms, found 1 plugins.
Preloading 0 native plugins for Editor in 0.00 ms.
Invoked RoslynAnalysisRunner static constructor.
RoslynAnalysisRunner will not be running.
RoslynAnalysisRunner has terminated.
Mono: successfully reloaded assembly
- Completed reload, in  3.691 seconds
Platform modules already initialized, skipping
Refreshing native plugins compatible for Editor in 1.14 ms, found 1 plugins.
Preloading 0 native plugins for Editor in 0.00 ms.
Unloading 1791 Unused Serialized files (Serialized files now loaded: 0)
System memory in use before: 87.5 MB.
System memory in use after: 87.5 MB.

Unloading 12 unused Assets to reduce memory usage. Loaded Objects now: 2252.
Total: 11.220200 ms (FindLiveObjects: 1.762700 ms CreateObjectMapping: 0.400700 ms MarkObjects: 8.360800 ms  DeleteObjects: 0.690000 ms)

========================================================================
Received Import Request.
  Time since last request: 3006.145955 seconds.
  path: Assets/Platform.png
  artifactKey: Guid(38f29486390f101459b6e9ad481b0235) Importer(815301076,1909f56bfc062723c751e8b465ee728b)
Start importing Assets/Platform.png using Guid(38f29486390f101459b6e9ad481b0235) Importer(815301076,1909f56bfc062723c751e8b465ee728b)  -> (artifact id: '13da17cdbed6f2d882479403f95157a7') in 0.283090 seconds
  Import took 0.292577 seconds .

========================================================================
Received Import Request.
  Time since last request: 135.888228 seconds.
  path: Assets/Scenes
  artifactKey: Guid(8f51e61c13f7be84bbc09282566388fc) Importer(815301076,1909f56bfc062723c751e8b465ee728b)
Start importing Assets/Scenes using Guid(8f51e61c13f7be84bbc09282566388fc) Importer(815301076,1909f56bfc062723c751e8b465ee728b)  -> (artifact id: 'bee2fa86bdacbd58522299bc1d0683b9') in 0.338224 seconds
  Import took 0.377477 seconds .

========================================================================
Received Prepare
Registering precompiled user dll's ...
Registered in 0.008960 seconds.
Begin MonoManager ReloadAssembly
Native extension for WindowsStandalone target not found
Native extension for WebGL target not found
Refreshing native plugins compatible for Editor in 2.54 ms, found 1 plugins.
Preloading 0 native plugins for Editor in 0.00 ms.
Invoked RoslynAnalysisRunner static constructor.
RoslynAnalysisRunner will not be running.
RoslynAnalysisRunner has terminated.
Mono: successfully reloaded assembly
- Completed reload, in  5.345 seconds
Platform modules already initialized, skipping
Refreshing native plugins compatible for Editor in 0.96 ms, found 1 plugins.
Preloading 0 native plugins for Editor in 0.00 ms.
Unloading 1791 Unused Serialized files (Serialized files now loaded: 0)
System memory in use before: 87.5 MB.
System memory in use after: 87.5 MB.

Unloading 12 unused Assets to reduce memory usage. Loaded Objects now: 2256.
Total: 6.336200 ms (FindLiveObjects: 0.700300 ms CreateObjectMapping: 0.157900 ms MarkObjects: 5.185100 ms  DeleteObjects: 0.289600 ms)

========================================================================
Received Import Request.
  Time since last request: 28.445998 seconds.
  path: Assets/Scripts
  artifactKey: Guid(7b75164b84f5c08408b343e64ad17604) Importer(815301076,1909f56bfc062723c751e8b465ee728b)
Start importing Assets/Scripts using Guid(7b75164b84f5c08408b343e64ad17604) Importer(815301076,1909f56bfc062723c751e8b465ee728b)  -> (artifact id: 'e2be2cee53b54d02a99dabf0f7b06e03') in 0.119441 seconds
  Import took 0.129173 seconds .

========================================================================
Received Import Request.
  Time since last request: 17.537676 seconds.
  path: Assets/Scripts/Move.cs
  artifactKey: Guid(6ddde6c1ebfcffc41b1f3ccfc2991307) Importer(815301076,1909f56bfc062723c751e8b465ee728b)
Start importing Assets/Scripts/Move.cs using Guid(6ddde6c1ebfcffc41b1f3ccfc2991307) Importer(815301076,1909f56bfc062723c751e8b465ee728b)  -> (artifact id: '5ff67694cf53540a26eda228ce1c3692') in 0.229451 seconds
  Import took 0.406349 seconds .

========================================================================
Received Prepare
Registering precompiled user dll's ...
Registered in 0.069663 seconds.
Begin MonoManager ReloadAssembly
Native extension for WindowsStandalone target not found
Native extension for WebGL target not found
Refreshing native plugins compatible for Editor in 2.51 ms, found 1 plugins.
Preloading 0 native plugins for Editor in 0.00 ms.
Invoked RoslynAnalysisRunner static constructor.
RoslynAnalysisRunner will not be running.
RoslynAnalysisRunner has terminated.
Mono: successfully reloaded assembly
- Completed reload, in  9.654 seconds
Platform modules already initialized, skipping
Refreshing native plugins compatible for Editor in 2.17 ms, found 1 plugins.
Preloading 0 native plugins for Editor in 0.00 ms.
Unloading 1792 Unused Serialized files (Serialized files now loaded: 0)
System memory in use before: 87.5 MB.
System memory in use after: 87.5 MB.

Unloading 12 unused Assets to reduce memory usage. Loaded Objects now: 2260.
Total: 22.319600 ms (FindLiveObjects: 2.472600 ms CreateObjectMapping: 0.412000 ms MarkObjects: 17.363500 ms  DeleteObjects: 2.044500 ms)

========================================================================
Received Import Request.
  Time since last request: 664.866129 seconds.
  path: Assets/Scripts/Move.cs
  artifactKey: Guid(6ddde6c1ebfcffc41b1f3ccfc2991307) Importer(815301076,1909f56bfc062723c751e8b465ee728b)
Start importing Assets/Scripts/Move.cs using Guid(6ddde6c1ebfcffc41b1f3ccfc2991307) Importer(815301076,1909f56bfc062723c751e8b465ee728b)  -> (artifact id: '534edca0664d224323d996d1cbc1ffa4') in 0.125858 seconds
  Import took 0.172683 seconds .

========================================================================
Received Import Request.
  Time since last request: 1379.901557 seconds.
  path: Assets/Scripts/Move.cs
  artifactKey: Guid(6ddde6c1ebfcffc41b1f3ccfc2991307) Importer(815301076,1909f56bfc062723c751e8b465ee728b)
Start importing Assets/Scripts/Move.cs using Guid(6ddde6c1ebfcffc41b1f3ccfc2991307) Importer(815301076,1909f56bfc062723c751e8b465ee728b)  -> (artifact id: '0f1ae3b053916e11a030881c75d3d266') in 0.079896 seconds
  Import took 0.506244 seconds .

========================================================================
Received Import Request.
  Time since last request: 305.899895 seconds.
  path: Assets/Scripts/Move.cs
  artifactKey: Guid(6ddde6c1ebfcffc41b1f3ccfc2991307) Importer(815301076,1909f56bfc062723c751e8b465ee728b)
Start importing Assets/Scripts/Move.cs using Guid(6ddde6c1ebfcffc41b1f3ccfc2991307) Importer(815301076,1909f56bfc062723c751e8b465ee728b)  -> (artifact id: 'ee831fb160a50ab4be8e4075406a9138') in 0.077257 seconds
  Import took 1.136586 seconds .

========================================================================
Received Import Request.
  Time since last request: 332.182766 seconds.
  path: Assets/Scripts/Move.cs
  artifactKey: Guid(6ddde6c1ebfcffc41b1f3ccfc2991307) Importer(815301076,1909f56bfc062723c751e8b465ee728b)
Start importing Assets/Scripts/Move.cs using Guid(6ddde6c1ebfcffc41b1f3ccfc2991307) Importer(815301076,1909f56bfc062723c751e8b465ee728b)  -> (artifact id: '717bbaab2fbefdc36b12241f4277e3b2') in 0.205734 seconds
  Import took 1.333564 seconds .

AssetImportWorkerClient::OnTransportError - code=2 error=End of file
